<?xml version="1.0" encoding="UTF-8"?>
<testsuite name="ListingDataTest" tests="1" skipped="0" failures="0" errors="0" timestamp="2021-08-06T07:58:39" hostname="DESKTOP-O6ROPA0" time="8.326">
  <properties/>
  <testcase name="ListingDataInLowToHighPriceOrder()" classname="ListingDataTest" time="8.326"/>
  <system-out><![CDATA[$19.12
$9.00
original 9.0
num input 9.0
num input 9.0
num input 9.0
num input 11.9
num input 11.9
num input 11.9
num input 12.9
num input 12.9
num input 12.9
num input 13.9
num input 18.9
num input 18.9
]]></system-out>
  <system-err><![CDATA[[Test worker] INFO io.github.bonigarcia.wdm.WebDriverManager - Using chromedriver 92.0.4515.107 (resolved driver for Chrome 92)
[Test worker] INFO io.github.bonigarcia.wdm.WebDriverManager - Exporting webdriver.chrome.driver as C:\Users\Dániel\.cache\selenium\chromedriver\win32\92.0.4515.107\chromedriver.exe
Starting ChromeDriver 92.0.4515.107 (87a818b10553a07434ea9e2b6dccf3cbe7895134-refs/branch-heads/4515@{#1634}) on port 44539
Only local connections are allowed.
Please see https://chromedriver.chromium.org/security-considerations for suggestions on keeping ChromeDriver safe.
ChromeDriver was started successfully.
aug. 06, 2021 9:58:43 DE org.openqa.selenium.remote.ProtocolHandshake createSession
INFO: Detected dialect: W3C
]]></system-err>
</testsuite>
