<?xml version="1.0" encoding="UTF-8"?>
<testsuite name="PaginationTest" tests="1" skipped="0" failures="0" errors="0" timestamp="2021-07-31T00:00:06" hostname="DESKTOP-O6ROPA0" time="18.587">
  <properties/>
  <testcase name="navigateToSecondPageOfProductsFromHomePage()" classname="PaginationTest" time="18.587"/>
  <system-out><![CDATA[]]></system-out>
  <system-err><![CDATA[Starting ChromeDriver 92.0.4515.107 (87a818b10553a07434ea9e2b6dccf3cbe7895134-refs/branch-heads/4515@{#1634}) on port 5651
Only local connections are allowed.
Please see https://chromedriver.chromium.org/security-considerations for suggestions on keeping ChromeDriver safe.
ChromeDriver was started successfully.
júl. 31, 2021 2:00:14 DE org.openqa.selenium.remote.ProtocolHandshake createSession
INFO: Detected dialect: W3C
]]></system-err>
</testsuite>
