<?xml version="1.0" encoding="UTF-8"?>
<testsuite name="LogoutTest" tests="1" skipped="0" failures="0" errors="0" timestamp="2021-07-31T10:01:13" hostname="DESKTOP-O6ROPA0" time="7.989">
  <properties/>
  <testcase name="successfulLogin()" classname="LogoutTest" time="7.989"/>
  <system-out><![CDATA[]]></system-out>
  <system-err><![CDATA[Starting ChromeDriver 92.0.4515.107 (87a818b10553a07434ea9e2b6dccf3cbe7895134-refs/branch-heads/4515@{#1634}) on port 9118
Only local connections are allowed.
Please see https://chromedriver.chromium.org/security-considerations for suggestions on keeping ChromeDriver safe.
ChromeDriver was started successfully.
júl. 31, 2021 12:01:16 DU org.openqa.selenium.remote.ProtocolHandshake createSession
INFO: Detected dialect: W3C
]]></system-err>
</testsuite>
